C51 COMPILER V9.60.0.0   DHT11                                                             07/07/2020 16:44:38 PAGE 1   


C51 COMPILER V9.60.0.0, COMPILATION OF MODULE DHT11
OBJECT MODULE PLACED IN .\Objects\DHT11.obj
COMPILER INVOKED BY: D:\Keil_v5\C51\BIN\C51.EXE DHT11.c OPTIMIZE(8,SPEED) BROWSE DEBUG OBJECTEXTEND PRINT(.\Listings\DHT
                    -11.lst) OBJECT(.\Objects\DHT11.obj)

line level    source

   1          #include "DHT11.h"
   2          float Temperature = 0.0f;
   3          float Humidity = 0.0f;
   4          
   5          static char Data[5];
   6          
   7          
   8          void DHT11_Init(void){
   9   1          P7M0 = 0; P7M1 = 0;
  10   1          P75 = 1;
  11   1      }
  12          
  13          void GetDHTData(void){
  14   1          unsigned char WaitTime;
  15   1          char DataCount;
  16   1          
  17   1          P75 = 1;
  18   1          delay_us(1);
  19   1          
  20   1          P75 = 0;
  21   1          delay_ms(20);
  22   1          
  23   1          P75 = 1;
  24   1          
  25   1          WaitTime = 100;
  26   1          while(P75){
  27   2              if(--WaitTime <= 0) return;
  28   2          }
  29   1          
  30   1          WaitTime = 150;
  31   1          while(!P75){
  32   2              if(--WaitTime <= 0) return;
  33   2          }
  34   1              
  35   1          DataCount = 40;
  36   1          while(DataCount--){
  37   2              //等待低电平信号
  38   2              while(P75);
  39   2              while(!P75);
  40   2              WaitTime = 0;
  41   2              while(P75) WaitTime++;
  42   2              if(WaitTime > 50) Data[4-DataCount/8] |=   1 << (DataCount % 8); 
  43   2              else              Data[4-DataCount/8] &= ~(1 << (DataCount % 8));           
  44   2          }
  45   1          
  46   1          while(P75);
  47   1          delay_us(50);
  48   1          P75 = 1;
  49   1          
  50   1          //根据校验位检查数据
  51   1          if(((Data[0]+Data[1]+Data[2]+Data[3]) & 0xFF) == Data[4]){
  52   2              Unpack();
  53   2          }
  54   1      }
C51 COMPILER V9.60.0.0   DHT11                                                             07/07/2020 16:44:38 PAGE 2   

  55          
  56          void Unpack(void){
  57   1      }


MODULE INFORMATION:   STATIC OVERLAYABLE
   CODE SIZE        =    242    ----
   CONSTANT SIZE    =   ----    ----
   XDATA SIZE       =   ----    ----
   PDATA SIZE       =   ----    ----
   DATA SIZE        =     13    ----
   IDATA SIZE       =   ----    ----
   BIT SIZE         =   ----    ----
END OF MODULE INFORMATION.


C51 COMPILATION COMPLETE.  0 WARNING(S),  0 ERROR(S)
