C51 COMPILER V9.60.0.0   KEYBOARD                                                          07/07/2020 16:44:37 PAGE 1   


C51 COMPILER V9.60.0.0, COMPILATION OF MODULE KEYBOARD
OBJECT MODULE PLACED IN .\Objects\KeyBoard.obj
COMPILER INVOKED BY: D:\Keil_v5\C51\BIN\C51.EXE KeyBoard.c OPTIMIZE(8,SPEED) BROWSE DEBUG OBJECTEXTEND PRINT(.\Listings\
                    -KeyBoard.lst) OBJECT(.\Objects\KeyBoard.obj)

line level    source

   1          #include "KeyBoard.h"
   2          // P2.0~P2.7用作键盘 P3.3作外部中断
   3          
   4          volatile char KeyBoardCheckFlag = 0;
   5          char CorrectPassword[4] = {1,2,3,4};
   6          
   7          void KeyBoard_Init(void){
   8   1          //设置为准双向口
   9   1          P2M0 = 0; P2M1 = 0; 
  10   1          P3M0 = 0; P3M1 = 0; 
  11   1          
  12   1          P24 = P25 = P26 = P27 = 0;
  13   1          
  14   1          IE1  = 0;   //外中断1标志位
  15   1          IT1 = 1;    //INT1 下降沿中断
  16   1          EX1 = 1;    //INT1 Enable
  17   1          EA = 1;     //允许总中断
  18   1          
  19   1      }
  20          
  21          void INT1_interrupt(void) interrupt 2
  22          {
  23   1          //开始检测键盘
  24   1          KeyBoardCheckFlag = 1;
  25   1          
  26   1          //唤醒LCD屏幕
  27   1          LCD1602_Init();
  28   1          
  29   1          //使能RFID射频
  30   1          P67 = 1; 
  31   1          
  32   1          //重置休眠时间
  33   1          SleepTimeReset();
  34   1          
  35   1      }
  36          
  37          void SleepTimeReset(void){
  38   1          //读取PCF8563的分钟寄存器的值
  39   1          SleepTime = IICWriteAndReadData(PCF8563_WRITE_ADD, PCF8563_READ_ADD, 0x03); 
  40   1      }
  41          
  42          void Sleep(void){
  43   1          KeyBoardCheckFlag = 0;
  44   1          LCD1602_Write(0x01, 0);
  45   1          delay_ms(2);           //清屏需要1.64ms
  46   1      }
  47          
  48          char IsAnyKeyPress(void){
  49   1          if(P20 == 0){
  50   2              delay(1000); //延时后再次检测
  51   2              if(P20 == 0) return 1;
  52   2          }
  53   1          
  54   1          if(P21 == 0){
C51 COMPILER V9.60.0.0   KEYBOARD                                                          07/07/2020 16:44:37 PAGE 2   

  55   2              delay(1000); //延时后再次检测
  56   2              if(P21 == 0) return 2;
  57   2          }
  58   1          
  59   1          if(P22 == 0){
  60   2              delay(1000); //延时后再次检测
  61   2              if(P22 == 0) return 3;
  62   2          }
  63   1      
  64   1          if(P23 == 0){
  65   2              delay(1000); //延时后再次检测
  66   2              if(P23 == 0) return 4;
  67   2          }
  68   1          
  69   1          return 0;
  70   1      }
  71          
  72          unsigned char Welcome[7] = {'W', 'E', 'L', 'C', 'O', 'M', 'E'};
  73          
  74          void PasswordCheck(char* Password, char num){
  75   1          char index;
  76   1          for(index = 0; index < num; index++){
  77   2              if(Password[index] != CorrectPassword[index]) {
  78   3                  LCD1602_Write(0x01, 0);  //出错清屏
  79   3                  delay_ms(2);             //清屏用时1.64ms，所以延时一定时间
  80   3                  return;
  81   3              }
  82   2          }
  83   1          
  84   1          //密码正确，显示 “WELCOME” 字样
  85   1          for(index = 0; index < 7; index++){
  86   2              LCD1602_Write(0x80+index, 0);
  87   2              LCD1602_Write(Welcome[index], 1);
  88   2          }
  89   1          
  90   1          
  91   1          // 调用开门程序
  92   1          
  93   1      }


MODULE INFORMATION:   STATIC OVERLAYABLE
   CODE SIZE        =    309    ----
   CONSTANT SIZE    =   ----    ----
   XDATA SIZE       =   ----    ----
   PDATA SIZE       =   ----    ----
   DATA SIZE        =     12       5
   IDATA SIZE       =   ----    ----
   BIT SIZE         =   ----    ----
END OF MODULE INFORMATION.


C51 COMPILATION COMPLETE.  0 WARNING(S),  0 ERROR(S)
