C51 COMPILER V9.60.0.0   PHOTOELECTRIC                                                     07/07/2020 16:44:38 PAGE 1   


C51 COMPILER V9.60.0.0, COMPILATION OF MODULE PHOTOELECTRIC
OBJECT MODULE PLACED IN .\Objects\Photoelectric.obj
COMPILER INVOKED BY: D:\Keil_v5\C51\BIN\C51.EXE Photoelectric.c OPTIMIZE(8,SPEED) BROWSE DEBUG OBJECTEXTEND PRINT(.\List
                    -ings\Photoelectric.lst) OBJECT(.\Objects\Photoelectric.obj)

line level    source

   1          #include "Photoelectric.h"
   2          
   3          char DoorOpenStatus = 0;
   4          char DoorOpenTIme = 0;
   5          
   6          void Photoelectric_Init(void){
   7   1          P3M0 = 0; P3M1 = 0;
   8   1          
   9   1          IE0  = 0;   //外中断0标志位
  10   1          IT0 = 0;    //INT0 上升沿中断
  11   1          EX0 = 1;    //INT0 Enable
  12   1          EA = 1;     //允许总中断
  13   1      }
  14          
  15          void INT0_interrupt(void) interrupt 0
  16          {
  17   1          //如果门在打开状态收到中断，切换中断为记录上升沿，在关闭状态收到手段，切换中断为记录下降沿
  18   1          if(DoorOpenStatus){
  19   2              DoorOpenStatus = 0;
  20   2              IT0 = 0;
  21   2          }
  22   1          else{
  23   2              DoorOpenTime = IICWriteAndReadData(PCF8563_WRITE_ADD, PCF8563_READ_ADD, 0x03);
  24   2              DoorOpenStatus = 1;
  25   2              IT0 = 1;
  26   2          }
  27   1      }


MODULE INFORMATION:   STATIC OVERLAYABLE
   CODE SIZE        =     97    ----
   CONSTANT SIZE    =   ----    ----
   XDATA SIZE       =   ----    ----
   PDATA SIZE       =   ----    ----
   DATA SIZE        =      2    ----
   IDATA SIZE       =   ----    ----
   BIT SIZE         =   ----    ----
END OF MODULE INFORMATION.


C51 COMPILATION COMPLETE.  0 WARNING(S),  0 ERROR(S)
