C51 COMPILER V9.60.0.0   RFID                                                              07/07/2020 16:44:37 PAGE 1   


C51 COMPILER V9.60.0.0, COMPILATION OF MODULE RFID
OBJECT MODULE PLACED IN .\Objects\RFID.obj
COMPILER INVOKED BY: D:\Keil_v5\C51\BIN\C51.EXE RFID.c OPTIMIZE(8,SPEED) BROWSE DEBUG OBJECTEXTEND PRINT(.\Listings\RFID
                    -.lst) OBJECT(.\Objects\RFID.obj)

line level    source

   1          #include "RFID.h"
   2          
   3          #define UART1_BUF_LENGTH 32
   4          
   5          char idata RX1_Buffer[UART1_BUF_LENGTH];
   6          char RX1_Cnt = 0;
   7          
   8          void RFID_Init(){
   9   1          Uart1_Init();
  10   1          
  11   1          P6M1 = 0;   P6M0 = 0;   //设置为准双向口
  12   1          EA = 1;
  13   1          ES = 1;
  14   1          REN = 1;
  15   1          P67 = 1;             //发送射频使能信号
  16   1          SM0 = 0;
  17   1          SM1 = 1;
  18   1          RI = 0;
  19   1      }
  20          
  21          void Uart1_Init()               //3900bps@11.0592MHz
  22          {
  23   1              SCON = 0x50;            //8位数据,可变波特率
  24   1              AUXR |= 0x40;           //定时器1时钟为Fosc,即1T
  25   1              AUXR &= 0xFE;           //串口1选择定时器1为波特率发生器
  26   1              TMOD &= 0x0F;           //设定定时器1为16位自动重装方式
  27   1              TL1 = 0x3B;             //设定定时初值
  28   1              TH1 = 0xFD;             //设定定时初值
  29   1              ET1 = 0;                //禁止定时器1中断
  30   1              TR1 = 1;                //启动定时器1
  31   1      }
  32          
  33          void UART1_interrupt() interrupt 4
  34          {
  35   1          if(RI)
  36   1          {
  37   2              RX1_Buffer[RX1_Cnt] = SBUF;
  38   2              RI = 0;
  39   2              if(++RX1_Cnt >= UART1_BUF_LENGTH){
  40   3                  RX1_Cnt = 0;
  41   3                  RFID_Check(RX1_Buffer);
  42   3              }
  43   2          }
  44   1      }
  45          
  46          void RFID_Check(char * msg){}
*** WARNING C280 IN LINE 46 OF RFID.c: 'msg': unreferenced local variable


MODULE INFORMATION:   STATIC OVERLAYABLE
   CODE SIZE        =    153    ----
   CONSTANT SIZE    =   ----    ----
   XDATA SIZE       =   ----    ----
   PDATA SIZE       =   ----    ----
C51 COMPILER V9.60.0.0   RFID                                                              07/07/2020 16:44:37 PAGE 2   

   DATA SIZE        =      1       3
   IDATA SIZE       =     32    ----
   BIT SIZE         =   ----    ----
END OF MODULE INFORMATION.


C51 COMPILATION COMPLETE.  1 WARNING(S),  0 ERROR(S)
